<?xml version="1.0" encoding="UTF-8" ?>
<testsuites name="vitest tests" tests="1047" failures="0" errors="0" time="81.0852438">
    <testsuite name="src/environments/version.spec.ts" timestamp="2026-06-23T18:31:01.906Z" hostname="roshiii" tests="2" failures="0" errors="0" skipped="0" time="0.0048655">
        <testcase classname="src/environments/version.spec.ts" name="Version (dev environment) &gt; exposes the version from package.json" time="0.0024687">
        </testcase>
        <testcase classname="src/environments/version.spec.ts" name="Version (dev environment) &gt; uses the &quot;dev&quot; build number placeholder" time="0.0019934">
        </testcase>
    </testsuite>
    <testsuite name="src/app/common/service/gui-config.service.spec.ts" timestamp="2026-06-23T18:31:01.915Z" hostname="roshiii" tests="8" failures="0" errors="0" skipped="0" time="0.0560493">
        <testcase classname="src/app/common/service/gui-config.service.spec.ts" name="GuiConfigService &gt; loadPreLogin fetches /config/pre-login and merges the response into env" time="0.0087671">
        </testcase>
        <testcase classname="src/app/common/service/gui-config.service.spec.ts" name="GuiConfigService &gt; loadPreLogin propagates errors so APP_INITIALIZER can surface them" time="0.0118476">
            <system-err>
Failed to load pre-login configuration: HttpErrorResponse {
  headers: HttpHeaders {
    headers: Map(0) {},
    normalizedNames: Map(0) {},
    lazyInit: [90mundefined[39m,
    lazyUpdate: [1mnull[22m
  },
  status: [33m0[39m,
  statusText: [32m&apos;Unknown Error&apos;[39m,
  url: [32m&apos;api/config/pre-login&apos;[39m,
  ok: [33mfalse[39m,
  type: [90mundefined[39m,
  redirected: [90mundefined[39m,
  responseType: [90mundefined[39m,
  name: [32m&apos;HttpErrorResponse&apos;[39m,
  message: [32m&apos;Http failure response for api/config/pre-login: 0 &apos;[39m,
  error: ProgressEvent { isTrusted: [36m[Getter][39m }
}

            </system-err>
        </testcase>
        <testcase classname="src/app/common/service/gui-config.service.spec.ts" name="GuiConfigService &gt; loadPostLogin fetches /config/gui, /config/amber and /config/user-system in parallel and merges" time="0.0058654">
        </testcase>
        <testcase classname="src/app/common/service/gui-config.service.spec.ts" name="GuiConfigService &gt; loadPostLogin preserves pre-login fields when both phases run" time="0.0052477">
        </testcase>
        <testcase classname="src/app/common/service/gui-config.service.spec.ts" name="GuiConfigService &gt; load() only hits /config/pre-login when no access token is in localStorage" time="0.0049653">
        </testcase>
        <testcase classname="src/app/common/service/gui-config.service.spec.ts" name="GuiConfigService &gt; load() chains /config/gui + /config/amber + /config/user-system when a token is stored" time="0.0052857">
        </testcase>
        <testcase classname="src/app/common/service/gui-config.service.spec.ts" name="GuiConfigService &gt; load() swallows post-login 403s so bootstrap is not blocked by an expired token" time="0.0060162">
            <system-err>
Failed to load authenticated config; continuing with pre-login only. HttpErrorResponse {
  headers: HttpHeaders {
    headers: Map(0) {},
    normalizedNames: Map(0) {},
    lazyInit: [90mundefined[39m,
    lazyUpdate: [1mnull[22m
  },
  status: [33m403[39m,
  statusText: [32m&apos;Forbidden&apos;[39m,
  url: [32m&apos;api/config/gui&apos;[39m,
  ok: [33mfalse[39m,
  type: [90mundefined[39m,
  redirected: [90mundefined[39m,
  responseType: [90mundefined[39m,
  name: [32m&apos;HttpErrorResponse&apos;[39m,
  message: [32m&apos;Http failure response for api/config/gui: 403 Forbidden&apos;[39m,
  error: {}
}

            </system-err>
        </testcase>
        <testcase classname="src/app/common/service/gui-config.service.spec.ts" name="GuiConfigService &gt; load() rejects when /config/pre-login itself fails so the bootstrap error is surfaced" time="0.0075973">
            <system-err>
Failed to load pre-login configuration: HttpErrorResponse {
  headers: HttpHeaders {
    headers: Map(0) {},
    normalizedNames: Map(0) {},
    lazyInit: [90mundefined[39m,
    lazyUpdate: [1mnull[22m
  },
  status: [33m0[39m,
  statusText: [32m&apos;Unknown Error&apos;[39m,
  url: [32m&apos;api/config/pre-login&apos;[39m,
  ok: [33mfalse[39m,
  type: [90mundefined[39m,
  redirected: [90mundefined[39m,
  responseType: [90mundefined[39m,
  name: [32m&apos;HttpErrorResponse&apos;[39m,
  message: [32m&apos;Http failure response for api/config/pre-login: 0 &apos;[39m,
  error: ProgressEvent { isTrusted: [36m[Getter][39m }
}

            </system-err>
        </testcase>
    </testsuite>
    <testsuite name="src/app/common/service/unauthorized-http-interceptor.service.spec.ts" timestamp="2026-06-23T18:31:01.920Z" hostname="roshiii" tests="12" failures="0" errors="0" skipped="0" time="0.0517902">
        <testcase classname="src/app/common/service/unauthorized-http-interceptor.service.spec.ts" name="UnauthorizedHttpInterceptor &gt; logs out, notifies, and redirects to ABOUT on 401 for an authenticated request" time="0.0072023">
        </testcase>
        <testcase classname="src/app/common/service/unauthorized-http-interceptor.service.spec.ts" name="UnauthorizedHttpInterceptor &gt; leaves the session untouched when 401 comes back for an anonymous request" time="0.0042926">
        </testcase>
        <testcase classname="src/app/common/service/unauthorized-http-interceptor.service.spec.ts" name="UnauthorizedHttpInterceptor &gt; does not log out on non-401 errors even when Authorization was sent" time="0.0036935">
        </testcase>
        <testcase classname="src/app/common/service/unauthorized-http-interceptor.service.spec.ts" name="UnauthorizedHttpInterceptor &gt; omits returnUrl when the current route is the root" time="0.0041863">
        </testcase>
        <testcase classname="src/app/common/service/unauthorized-http-interceptor.service.spec.ts" name="UnauthorizedHttpInterceptor &gt; auth-endpoint allowlist &gt; does not log out on 401 from /api/auth/login" time="0.0040312">
        </testcase>
        <testcase classname="src/app/common/service/unauthorized-http-interceptor.service.spec.ts" name="UnauthorizedHttpInterceptor &gt; auth-endpoint allowlist &gt; does not log out on 401 from /api/auth/register" time="0.0040548">
        </testcase>
        <testcase classname="src/app/common/service/unauthorized-http-interceptor.service.spec.ts" name="UnauthorizedHttpInterceptor &gt; auth-endpoint allowlist &gt; does not log out on 401 from /api/auth/refresh" time="0.0037086">
        </testcase>
        <testcase classname="src/app/common/service/unauthorized-http-interceptor.service.spec.ts" name="UnauthorizedHttpInterceptor &gt; auth-endpoint allowlist &gt; does not log out on 401 from /api/auth/google/login" time="0.003807">
        </testcase>
        <testcase classname="src/app/common/service/unauthorized-http-interceptor.service.spec.ts" name="UnauthorizedHttpInterceptor &gt; auth-endpoint allowlist &gt; does not log out on 401 from /api/auth/login?next=/dashboard" time="0.0036476">
        </testcase>
        <testcase classname="src/app/common/service/unauthorized-http-interceptor.service.spec.ts" name="UnauthorizedHttpInterceptor &gt; auth-endpoint allowlist &gt; still logs out on 401 from a URL that merely contains &apos;login&apos; in a non-auth segment" time="0.003891">
        </testcase>
        <testcase classname="src/app/common/service/unauthorized-http-interceptor.service.spec.ts" name="UnauthorizedHttpInterceptor &gt; concurrent 401 deduplication &gt; fires logout side effects exactly once for a burst of 401s" time="0.0039634">
        </testcase>
        <testcase classname="src/app/common/service/unauthorized-http-interceptor.service.spec.ts" name="UnauthorizedHttpInterceptor &gt; concurrent 401 deduplication &gt; re-arms after a successful re-login so a later 401 triggers logout again" time="0.0045898">
        </testcase>
    </testsuite>
    <testsuite name="src/app/common/util/format.util.spec.ts" timestamp="2026-06-23T18:31:01.923Z" hostname="roshiii" tests="17" failures="0" errors="0" skipped="0" time="0.0490062">
        <testcase classname="src/app/common/util/format.util.spec.ts" name="formatSpeed &gt; returns &quot;0.0 MB/s&quot; for zero, negative, or undefined input" time="0.0012161">
        </testcase>
        <testcase classname="src/app/common/util/format.util.spec.ts" name="formatSpeed &gt; converts bytes/s to MB/s with one decimal place" time="0.0008785">
        </testcase>
        <testcase classname="src/app/common/util/format.util.spec.ts" name="formatSpeed &gt; handles sub-MB throughput by rounding to one decimal" time="0.0007321">
        </testcase>
        <testcase classname="src/app/common/util/format.util.spec.ts" name="formatSpeed &gt; handles very large throughput without overflow" time="0.0005629">
        </testcase>
        <testcase classname="src/app/common/util/format.util.spec.ts" name="formatTime &gt; returns &quot;1s&quot; for undefined, zero, or negative input" time="0.0009647">
        </testcase>
        <testcase classname="src/app/common/util/format.util.spec.ts" name="formatTime &gt; formats sub-minute durations in seconds" time="0.0007695">
        </testcase>
        <testcase classname="src/app/common/util/format.util.spec.ts" name="formatTime &gt; rounds fractional seconds" time="0.0007063">
        </testcase>
        <testcase classname="src/app/common/util/format.util.spec.ts" name="formatTime &gt; formats durations under one hour as minutes with optional seconds" time="0.0009786">
        </testcase>
        <testcase classname="src/app/common/util/format.util.spec.ts" name="formatTime &gt; formats durations of one hour or more as hours with optional minutes" time="0.0010103">
        </testcase>
        <testcase classname="src/app/common/util/format.util.spec.ts" name="formatRelativeTime &gt; returns &quot;Unknown&quot; when timestamp is undefined" time="0.0060175">
        </testcase>
        <testcase classname="src/app/common/util/format.util.spec.ts" name="formatRelativeTime &gt; formats sub-hour differences in minutes" time="0.001842">
        </testcase>
        <testcase classname="src/app/common/util/format.util.spec.ts" name="formatRelativeTime &gt; formats sub-day differences in hours" time="0.0015391">
        </testcase>
        <testcase classname="src/app/common/util/format.util.spec.ts" name="formatRelativeTime &gt; formats sub-week differences in days" time="0.0016541">
        </testcase>
        <testcase classname="src/app/common/util/format.util.spec.ts" name="formatRelativeTime &gt; formats sub-month differences in weeks" time="0.0012918">
        </testcase>
        <testcase classname="src/app/common/util/format.util.spec.ts" name="formatRelativeTime &gt; falls back to a locale date string for differences beyond four weeks" time="0.0264947">
        </testcase>
        <testcase classname="src/app/common/util/format.util.spec.ts" name="formatCount &gt; renders counts under 1000 as plain integers" time="0.0007463">
        </testcase>
        <testcase classname="src/app/common/util/format.util.spec.ts" name="formatCount &gt; abbreviates counts of 1000+ to one-decimal thousands" time="0.0007547">
        </testcase>
    </testsuite>
    <testsuite name="src/app/common/util/size-formatter.util.spec.ts" timestamp="2026-06-23T18:31:01.931Z" hostname="roshiii" tests="6" failures="0" errors="0" skipped="0" time="0.0082326">
        <testcase classname="src/app/common/util/size-formatter.util.spec.ts" name="formatSize &gt; should correctly format a valid file size" time="0.0014451">
        </testcase>
        <testcase classname="src/app/common/util/size-formatter.util.spec.ts" name="formatSize &gt; should return &quot;0 Bytes&quot; for undefined or non-positive input" time="0.0012378">
        </testcase>
        <testcase classname="src/app/common/util/size-formatter.util.spec.ts" name="formatSize &gt; should correctly format large file sizes" time="0.0013378">
        </testcase>
        <testcase classname="src/app/common/util/size-formatter.util.spec.ts" name="formatSize &gt; should handle decimal places correctly" time="0.0011078">
        </testcase>
        <testcase classname="src/app/common/util/size-formatter.util.spec.ts" name="formatSize &gt; should successfully format a typical file size" time="0.0010334">
        </testcase>
        <testcase classname="src/app/common/util/size-formatter.util.spec.ts" name="formatSize &gt; should handle extremely large file sizes without failure" time="0.001644">
        </testcase>
    </testsuite>
    <testsuite name="src/app/dashboard/component/dashboard.component.spec.ts" timestamp="2026-06-23T18:31:01.934Z" hostname="roshiii" tests="11" failures="0" errors="0" skipped="0" time="1.1987561">
        <testcase classname="src/app/dashboard/component/dashboard.component.spec.ts" name="DashboardComponent &gt; should create the component" time="0.168234">
        </testcase>
        <testcase classname="src/app/dashboard/component/dashboard.component.spec.ts" name="DashboardComponent &gt; should render Google sign-in button when user is NOT logged in" time="0.1281401">
        </testcase>
        <testcase classname="src/app/dashboard/component/dashboard.component.spec.ts" name="DashboardComponent &gt; should render the powered-by attribution when attributionEnabled is true" time="0.077971">
        </testcase>
        <testcase classname="src/app/dashboard/component/dashboard.component.spec.ts" name="DashboardComponent &gt; forumLogin &gt; stores the flarum_remember cookie on successful auth and does not register" time="0.0773828">
        </testcase>
        <testcase classname="src/app/dashboard/component/dashboard.component.spec.ts" name="DashboardComponent &gt; forumLogin &gt; hides the forum and does not register when auth fails with 404/500" time="0.0806308">
        </testcase>
        <testcase classname="src/app/dashboard/component/dashboard.component.spec.ts" name="DashboardComponent &gt; forumLogin &gt; registers at most once and stops when auth keeps failing (no infinite loop)" time="0.0546626">
        </testcase>
        <testcase classname="src/app/dashboard/component/dashboard.component.spec.ts" name="DashboardComponent &gt; forumLogin &gt; hides the forum when registration fails" time="0.0457284">
        </testcase>
        <testcase classname="src/app/dashboard/component/dashboard.component.spec.ts" name="DashboardComponent &gt; forumLogin &gt; does nothing when a flarum_remember cookie is already present" time="0.0537265">
        </testcase>
        <testcase classname="src/app/dashboard/component/dashboard.component.spec.ts" name="DashboardComponent &gt; should hide the navbar on workflow workspace routes" time="0.0680487">
        </testcase>
        <testcase classname="src/app/dashboard/component/dashboard.component.spec.ts" name="DashboardComponent &gt; exposes route constants without the legacy /dashboard prefix" time="0.084567">
        </testcase>
        <testcase classname="src/app/dashboard/component/dashboard.component.spec.ts" name="DashboardComponent &gt; renders every sidebar tab&apos;s routerLink when fully enabled" time="0.358745">
        </testcase>
    </testsuite>
    <testsuite name="src/app/hub/component/hub.component.spec.ts" timestamp="2026-06-23T18:31:01.939Z" hostname="roshiii" tests="9" failures="0" errors="0" skipped="0" time="0.245714">
        <testcase classname="src/app/hub/component/hub.component.spec.ts" name="HubComponent &gt; creates with default isLogin = false and an empty sidebarTabs (no menu items render)" time="0.0148622">
        </testcase>
        <testcase classname="src/app/hub/component/hub.component.spec.ts" name="HubComponent &gt; passes the isLogin input through to the component" time="0.0103098">
        </testcase>
        <testcase classname="src/app/hub/component/hub.component.spec.ts" name="HubComponent &gt; injects GuiConfigService and exposes it for template gating" time="0.0087181">
        </testcase>
        <testcase classname="src/app/hub/component/hub.component.spec.ts" name="HubComponent &gt; renders only the Home item when home_enabled is the only flag set" time="0.0414832">
        </testcase>
        <testcase classname="src/app/hub/component/hub.component.spec.ts" name="HubComponent &gt; renders only the Workflows item when workflow_enabled is the only flag set" time="0.0243199">
        </testcase>
        <testcase classname="src/app/hub/component/hub.component.spec.ts" name="HubComponent &gt; renders only the Datasets item when dataset_enabled is the only flag set" time="0.0235657">
        </testcase>
        <testcase classname="src/app/hub/component/hub.component.spec.ts" name="HubComponent &gt; renders all three menu items when home, workflow, and dataset flags are enabled" time="0.0387268">
        </testcase>
        <testcase classname="src/app/hub/component/hub.component.spec.ts" name="HubComponent &gt; excludes disabled tabs while rendering enabled ones" time="0.0377787">
        </testcase>
        <testcase classname="src/app/hub/component/hub.component.spec.ts" name="HubComponent &gt; binds each menu item&apos;s routerLink to the correct routing constant" time="0.0452156">
        </testcase>
    </testsuite>
    <testsuite name="src/app/workspace/component/workspace.component.spec.ts" timestamp="2026-06-23T18:31:01.943Z" hostname="roshiii" tests="24" failures="0" errors="0" skipped="0" time="1.078952">
        <testcase classname="src/app/workspace/component/workspace.component.spec.ts" name="WorkspaceComponent &gt; ngOnInit &gt; parses numeric pid from route query params" time="0.2234264">
        </testcase>
        <testcase classname="src/app/workspace/component/workspace.component.spec.ts" name="WorkspaceComponent &gt; ngOnInit &gt; treats non-numeric pid as undefined" time="0.0517787">
        </testcase>
        <testcase classname="src/app/workspace/component/workspace.component.spec.ts" name="WorkspaceComponent &gt; ngOnInit &gt; enables highlighting on the workflow action service" time="0.0402415">
        </testcase>
        <testcase classname="src/app/workspace/component/workspace.component.spec.ts" name="WorkspaceComponent &gt; ngAfterViewInit &gt; cold start (no wid in route): does not flip isLoading and registers metadata listener" time="0.0667154">
        </testcase>
        <testcase classname="src/app/workspace/component/workspace.component.spec.ts" name="WorkspaceComponent &gt; ngAfterViewInit &gt; warm start (wid in route): sets isLoading=true and disables modification before load" time="0.0383756">
        </testcase>
        <testcase classname="src/app/workspace/component/workspace.component.spec.ts" name="WorkspaceComponent &gt; loadWorkflowWithId &gt; on success: hands the workflow to the action service, clears undo/redo, and turns off loading" time="0.0332388">
        </testcase>
        <testcase classname="src/app/workspace/component/workspace.component.spec.ts" name="WorkspaceComponent &gt; loadWorkflowWithId &gt; on failure: resets to a new workflow, surfaces an access error, and turns off loading" time="0.033975">
        </testcase>
        <testcase classname="src/app/workspace/component/workspace.component.spec.ts" name="WorkspaceComponent &gt; loadWorkflowWithId &gt; flags broken workflows via NotificationService.error but still loads them" time="0.0317931">
        </testcase>
        <testcase classname="src/app/workspace/component/workspace.component.spec.ts" name="WorkspaceComponent &gt; loadWorkflowWithId &gt; when URL fragment matches an element in the graph, highlights it" time="0.0332433">
        </testcase>
        <testcase classname="src/app/workspace/component/workspace.component.spec.ts" name="WorkspaceComponent &gt; loadWorkflowWithId &gt; when URL fragment does not match any element, surfaces an error and clears the fragment" time="0.0402216">
        </testcase>
        <testcase classname="src/app/workspace/component/workspace.component.spec.ts" name="WorkspaceComponent &gt; triggerCenter &gt; delegates to the texera graph" time="0.0229543">
        </testcase>
        <testcase classname="src/app/workspace/component/workspace.component.spec.ts" name="WorkspaceComponent &gt; registerAutoPersistWorkflow &gt; is idempotent — only subscribes to workflowChanged once across repeated calls" time="0.0244064">
        </testcase>
        <testcase classname="src/app/workspace/component/workspace.component.spec.ts" name="WorkspaceComponent &gt; registerAutoPersistWorkflow &gt; updates the URL via location.go to /user/workflow/&lt;wid&gt; (no /dashboard prefix) when the persisted wid differs" time="0.042012">
        </testcase>
        <testcase classname="src/app/workspace/component/workspace.component.spec.ts" name="WorkspaceComponent &gt; registerAutoPersistWorkflow &gt; skips the URL update when the persisted wid matches the current metadata" time="0.0234627">
        </testcase>
        <testcase classname="src/app/workspace/component/workspace.component.spec.ts" name="WorkspaceComponent &gt; updateViewCount &gt; posts a view event with the route&apos;s wid and the current user&apos;s uid" time="0.0279281">
        </testcase>
        <testcase classname="src/app/workspace/component/workspace.component.spec.ts" name="WorkspaceComponent &gt; updateViewCount &gt; falls back to uid=0 when no user is signed in" time="0.0260553">
        </testcase>
        <testcase classname="src/app/workspace/component/workspace.component.spec.ts" name="WorkspaceComponent &gt; onWIDChange &gt; syncs writeAccess from metadata.readonly each time the metadata changes" time="0.0533143">
        </testcase>
        <testcase classname="src/app/workspace/component/workspace.component.spec.ts" name="WorkspaceComponent &gt; onWIDChange &gt; ignores metadata emissions that have no wid yet" time="0.0350713">
        </testcase>
        <testcase classname="src/app/workspace/component/workspace.component.spec.ts" name="WorkspaceComponent &gt; ngOnDestroy &gt; persists the workflow on destroy when the user is signed in and persist is enabled" time="0.0343914">
        </testcase>
        <testcase classname="src/app/workspace/component/workspace.component.spec.ts" name="WorkspaceComponent &gt; ngOnDestroy &gt; skips the persist call when the user is not signed in" time="0.0222307">
        </testcase>
        <testcase classname="src/app/workspace/component/workspace.component.spec.ts" name="WorkspaceComponent &gt; ngOnDestroy &gt; tears down every piece of websocket-derived state when leaving the workspace (issue #3120)" time="0.0420967">
        </testcase>
        <testcase classname="src/app/workspace/component/workspace.component.spec.ts" name="WorkspaceComponent &gt; ngOnDestroy &gt; clears the workflow session state when the computing unit is switched in-canvas (issue #3120)" time="0.0576293">
        </testcase>
        <testcase classname="src/app/workspace/component/workspace.component.spec.ts" name="WorkspaceComponent &gt; copilotEnabled &gt; passes through to GuiConfigService.env.copilotEnabled" time="0.0243158">
        </testcase>
        <testcase classname="src/app/workspace/component/workspace.component.spec.ts" name="WorkspaceComponent &gt; child rendering side effects &gt; publishes the resolved ViewContainerRef to CodeEditorService.vc on view init" time="0.0420502">
        </testcase>
    </testsuite>
    <testsuite name="src/app/common/formly/preset-wrapper/preset-wrapper.component.spec.ts" timestamp="2026-06-23T18:31:01.951Z" hostname="roshiii" tests="24" failures="0" errors="0" skipped="0" time="0.5012487">
        <testcase classname="src/app/common/formly/preset-wrapper/preset-wrapper.component.spec.ts" name="PresetWrapperComponent &gt; should create" time="0.1226976">
        </testcase>
        <testcase classname="src/app/common/formly/preset-wrapper/preset-wrapper.component.spec.ts" name="PresetWrapperComponent &gt; ngOnInit &gt; throws when field.key is missing" time="0.0210439">
        </testcase>
        <testcase classname="src/app/common/formly/preset-wrapper/preset-wrapper.component.spec.ts" name="PresetWrapperComponent &gt; ngOnInit &gt; throws when templateOptions is missing" time="0.0162103">
        </testcase>
        <testcase classname="src/app/common/formly/preset-wrapper/preset-wrapper.component.spec.ts" name="PresetWrapperComponent &gt; ngOnInit &gt; throws when templateOptions.presetKey is missing" time="0.0127333">
        </testcase>
        <testcase classname="src/app/common/formly/preset-wrapper/preset-wrapper.component.spec.ts" name="PresetWrapperComponent &gt; ngOnInit &gt; populates searchResults from presetService.getPresets on init" time="0.0136264">
        </testcase>
        <testcase classname="src/app/common/formly/preset-wrapper/preset-wrapper.component.spec.ts" name="PresetWrapperComponent &gt; functional api &gt; applyPreset forwards to PresetService with the configured presetType + applyTarget" time="0.0224932">
        </testcase>
        <testcase classname="src/app/common/formly/preset-wrapper/preset-wrapper.component.spec.ts" name="PresetWrapperComponent &gt; functional api &gt; deletePreset forwards to PresetService with the configured presetType + saveTarget" time="0.0134818">
        </testcase>
        <testcase classname="src/app/common/formly/preset-wrapper/preset-wrapper.component.spec.ts" name="PresetWrapperComponent &gt; functional api &gt; getEntryTitle returns the value at field.key" time="0.0131314">
        </testcase>
        <testcase classname="src/app/common/formly/preset-wrapper/preset-wrapper.component.spec.ts" name="PresetWrapperComponent &gt; functional api &gt; getEntryDescription joins all non-key values with commas" time="0.0189629">
        </testcase>
        <testcase classname="src/app/common/formly/preset-wrapper/preset-wrapper.component.spec.ts" name="PresetWrapperComponent &gt; functional api &gt; getSearchResults &gt; returns a copy of all presets when showAllResults is true" time="0.0149772">
        </testcase>
        <testcase classname="src/app/common/formly/preset-wrapper/preset-wrapper.component.spec.ts" name="PresetWrapperComponent &gt; functional api &gt; getSearchResults &gt; returns all presets when showAllResults is true even if the search term doesn&apos;t match" time="0.0203666">
        </testcase>
        <testcase classname="src/app/common/formly/preset-wrapper/preset-wrapper.component.spec.ts" name="PresetWrapperComponent &gt; functional api &gt; getSearchResults &gt; filters by case-insensitive prefix match on the entry title when showAllResults is false" time="0.0218933">
        </testcase>
        <testcase classname="src/app/common/formly/preset-wrapper/preset-wrapper.component.spec.ts" name="PresetWrapperComponent &gt; functional api &gt; getSearchResults &gt; returns the full list when search term is empty and showAllResults is false" time="0.0190208">
        </testcase>
        <testcase classname="src/app/common/formly/preset-wrapper/preset-wrapper.component.spec.ts" name="PresetWrapperComponent &gt; functional api &gt; getSearchResults &gt; returns an empty list when the search term matches nothing" time="0.0128092">
        </testcase>
        <testcase classname="src/app/common/formly/preset-wrapper/preset-wrapper.component.spec.ts" name="PresetWrapperComponent &gt; dropdown visibility &gt; re-fetches presets and updates searchResults when the dropdown opens" time="0.0220538">
        </testcase>
        <testcase classname="src/app/common/formly/preset-wrapper/preset-wrapper.component.spec.ts" name="PresetWrapperComponent &gt; dropdown visibility &gt; does not refetch when the dropdown closes" time="0.0136545">
        </testcase>
        <testcase classname="src/app/common/formly/preset-wrapper/preset-wrapper.component.spec.ts" name="PresetWrapperComponent &gt; PresetService stream subscriptions &gt; updates searchResults when savePresetsStream emits a matching event" time="0.019523">
        </testcase>
        <testcase classname="src/app/common/formly/preset-wrapper/preset-wrapper.component.spec.ts" name="PresetWrapperComponent &gt; PresetService stream subscriptions &gt; ignores savePresetsStream events for a different presetType" time="0.0139029">
        </testcase>
        <testcase classname="src/app/common/formly/preset-wrapper/preset-wrapper.component.spec.ts" name="PresetWrapperComponent &gt; PresetService stream subscriptions &gt; ignores savePresetsStream events for a different saveTarget" time="0.0184193">
        </testcase>
        <testcase classname="src/app/common/formly/preset-wrapper/preset-wrapper.component.spec.ts" name="PresetWrapperComponent &gt; PresetService stream subscriptions &gt; does not refresh searchResults from form value changes while the dropdown is closed" time="0.0126442">
        </testcase>
        <testcase classname="src/app/common/formly/preset-wrapper/preset-wrapper.component.spec.ts" name="PresetWrapperComponent &gt; PresetService stream subscriptions &gt; refreshes searchResults from form value changes while the dropdown is open" time="0.0179799">
        </testcase>
        <testcase classname="src/app/common/formly/preset-wrapper/preset-wrapper.component.spec.ts" name="PresetWrapperComponent &gt; PresetService stream subscriptions &gt; stops responding to stream events after ngOnDestroy" time="0.0132557">
        </testcase>
        <testcase classname="src/app/common/formly/preset-wrapper/preset-wrapper.component.spec.ts" name="PresetWrapperComponent &gt; savePreset &gt; creates a preset built from sibling preset-wrapper fields when the preset is valid" time="0.0127906">
        </testcase>
        <testcase classname="src/app/common/formly/preset-wrapper/preset-wrapper.component.spec.ts" name="PresetWrapperComponent &gt; savePreset &gt; shows an error toast and does not create a preset when the preset is invalid" time="0.0118571">
        </testcase>
    </testsuite>
    <testsuite name="src/app/common/formly/repeat-dnd/repeat-dnd.component.spec.ts" timestamp="2026-06-23T18:31:01.958Z" hostname="roshiii" tests="4" failures="0" errors="0" skipped="0" time="0.0573726">
        <testcase classname="src/app/common/formly/repeat-dnd/repeat-dnd.component.spec.ts" name="FormlyRepeatDndComponent &gt; should create" time="0.0189305">
        </testcase>
        <testcase classname="src/app/common/formly/repeat-dnd/repeat-dnd.component.spec.ts" name="FormlyRepeatDndComponent &gt; should do nothing when previousIndex equals currentIndex" time="0.0123428">
        </testcase>
        <testcase classname="src/app/common/formly/repeat-dnd/repeat-dnd.component.spec.ts" name="FormlyRepeatDndComponent &gt; should do nothing when model is undefined" time="0.0127345">
        </testcase>
        <testcase classname="src/app/common/formly/repeat-dnd/repeat-dnd.component.spec.ts" name="FormlyRepeatDndComponent &gt; should reorder model, fieldGroup, formControl, and call reorder callback" time="0.0129857">
        </testcase>
    </testsuite>
    <testsuite name="src/app/common/service/global-error-handler/global-error-handler.service.spec.ts" timestamp="2026-06-23T18:31:01.960Z" hostname="roshiii" tests="16" failures="0" errors="0" skipped="0" time="0.0226143">
        <testcase classname="src/app/common/service/global-error-handler/global-error-handler.service.spec.ts" name="isChunkLoadError &gt; detects chunk-load failures" time="0.0017088">
        </testcase>
        <testcase classname="src/app/common/service/global-error-handler/global-error-handler.service.spec.ts" name="isChunkLoadError &gt; detects chunk-load failures from a plain object message" time="0.0008006">
        </testcase>
        <testcase classname="src/app/common/service/global-error-handler/global-error-handler.service.spec.ts" name="isChunkLoadError &gt; matches case-insensitively" time="0.0009619">
        </testcase>
        <testcase classname="src/app/common/service/global-error-handler/global-error-handler.service.spec.ts" name="isChunkLoadError &gt; ignores unrelated errors" time="0.0010976">
        </testcase>
        <testcase classname="src/app/common/service/global-error-handler/global-error-handler.service.spec.ts" name="isChunkLoadError &gt; ignores errors whose name matches loosely but is not ChunkLoadError" time="0.0006803">
        </testcase>
        <testcase classname="src/app/common/service/global-error-handler/global-error-handler.service.spec.ts" name="isChunkLoadError &gt; ignores values with a non-string message and non-string body" time="0.0008577">
        </testcase>
        <testcase classname="src/app/common/service/global-error-handler/global-error-handler.service.spec.ts" name="GlobalErrorHandler &gt; reloads once on a chunk-load error and records the guard" time="0.0025498">
        </testcase>
        <testcase classname="src/app/common/service/global-error-handler/global-error-handler.service.spec.ts" name="GlobalErrorHandler &gt; does not forward a recovered chunk error to the default handler" time="0.0013674">
        </testcase>
        <testcase classname="src/app/common/service/global-error-handler/global-error-handler.service.spec.ts" name="GlobalErrorHandler &gt; does not reload again within the guard window" time="0.0013324">
        </testcase>
        <testcase classname="src/app/common/service/global-error-handler/global-error-handler.service.spec.ts" name="GlobalErrorHandler &gt; forwards a chunk error to the default handler once reload is guarded" time="0.0014105">
        </testcase>
        <testcase classname="src/app/common/service/global-error-handler/global-error-handler.service.spec.ts" name="GlobalErrorHandler &gt; does not reload on a non-chunk error and forwards it to the default handler" time="0.0016412">
        </testcase>
        <testcase classname="src/app/common/service/global-error-handler/global-error-handler.service.spec.ts" name="GlobalErrorHandler &gt; reloads again once the guard window has elapsed" time="0.0011523">
        </testcase>
        <testcase classname="src/app/common/service/global-error-handler/global-error-handler.service.spec.ts" name="GlobalErrorHandler &gt; does not reload when a fresh guard timestamp is present" time="0.0012619">
        </testcase>
        <testcase classname="src/app/common/service/global-error-handler/global-error-handler.service.spec.ts" name="GlobalErrorHandler &gt; reloads when the stored guard value is not a usable number" time="0.001336">
        </testcase>
        <testcase classname="src/app/common/service/global-error-handler/global-error-handler.service.spec.ts" name="GlobalErrorHandler &gt; reloads when the stored guard value is non-positive" time="0.0013163">
        </testcase>
        <testcase classname="src/app/common/service/global-error-handler/global-error-handler.service.spec.ts" name="GlobalErrorHandler.reload (default implementation) &gt; delegates to window.location.reload on a chunk-load error" time="0.0023643">
        </testcase>
    </testsuite>
    <testsuite name="src/app/common/service/gmail/gmail.service.spec.ts" timestamp="2026-06-23T18:31:01.965Z" hostname="roshiii" tests="8" failures="0" errors="0" skipped="0" time="0.0449947">
        <testcase classname="src/app/common/service/gmail/gmail.service.spec.ts" name="GmailService &gt; should show a success toast when the backend accepts the send request" time="0.0094987">
        </testcase>
        <testcase classname="src/app/common/service/gmail/gmail.service.spec.ts" name="GmailService &gt; sends the correct PUT body for sendEmail with an explicit receiver" time="0.0049089">
        </testcase>
        <testcase classname="src/app/common/service/gmail/gmail.service.spec.ts" name="GmailService &gt; defaults the receiver to an empty string when it is omitted" time="0.0051117">
        </testcase>
        <testcase classname="src/app/common/service/gmail/gmail.service.spec.ts" name="GmailService &gt; shows an error toast and logs to the console on a failed send" time="0.0047601">
        </testcase>
        <testcase classname="src/app/common/service/gmail/gmail.service.spec.ts" name="GmailService &gt; issues a GET to the sender-email endpoint and emits the response without notifying" time="0.0041074">
        </testcase>
        <testcase classname="src/app/common/service/gmail/gmail.service.spec.ts" name="GmailService &gt; sends the correct POST body for notifyUnauthorizedLogin" time="0.0045122">
        </testcase>
        <testcase classname="src/app/common/service/gmail/gmail.service.spec.ts" name="GmailService &gt; shows a success toast when the unauthorized-login notification is accepted" time="0.0041904">
        </testcase>
        <testcase classname="src/app/common/service/gmail/gmail.service.spec.ts" name="GmailService &gt; shows an error toast and logs to the console when the notification fails" time="0.0071898">
        </testcase>
    </testsuite>
    <testsuite name="src/app/common/service/notification/notification.service.spec.ts" timestamp="2026-06-23T18:31:01.967Z" hostname="roshiii" tests="1" failures="0" errors="0" skipped="0" time="0.0049237">
        <testcase classname="src/app/common/service/notification/notification.service.spec.ts" name="NotificationService &gt; should be created" time="0.0046006">
        </testcase>
    </testsuite>
    <testsuite name="src/app/common/service/user/auth-guard.service.spec.ts" timestamp="2026-06-23T18:31:01.968Z" hostname="roshiii" tests="3" failures="0" errors="0" skipped="0" time="0.0125936">
        <testcase classname="src/app/common/service/user/auth-guard.service.spec.ts" name="AuthGuardService &gt; allows navigation and does not redirect when the user is logged in" time="0.0048413">
        </testcase>
        <testcase classname="src/app/common/service/user/auth-guard.service.spec.ts" name="AuthGuardService &gt; blocks navigation and redirects to ABOUT with a null returnUrl from the root url" time="0.0040241">
        </testcase>
        <testcase classname="src/app/common/service/user/auth-guard.service.spec.ts" name="AuthGuardService &gt; blocks navigation and preserves the return url for a deep link" time="0.00336">
        </testcase>
    </testsuite>
    <testsuite name="src/app/common/service/user/google-auth.service.spec.ts" timestamp="2026-06-23T18:31:01.969Z" hostname="roshiii" tests="1" failures="0" errors="0" skipped="0" time="0.0062429">
        <testcase classname="src/app/common/service/user/google-auth.service.spec.ts" name="GoogleAuthService &gt; issues a GET to the client-id endpoint and emits the returned id" time="0.0059717">
        </testcase>
    </testsuite>
    <testsuite name="src/app/common/service/user/user.service.spec.ts" timestamp="2026-06-23T18:31:01.970Z" hostname="roshiii" tests="10" failures="0" errors="0" skipped="0" time="0.0531583">
        <testcase classname="src/app/common/service/user/user.service.spec.ts" name="UserService &gt; should be created" time="0.0048514">
        </testcase>
        <testcase classname="src/app/common/service/user/user.service.spec.ts" name="UserService &gt; should login after register user" time="0.0044186">
        </testcase>
        <testcase classname="src/app/common/service/user/user.service.spec.ts" name="UserService &gt; should login after login user" time="0.0037109">
        </testcase>
        <testcase classname="src/app/common/service/user/user.service.spec.ts" name="UserService &gt; should not login after register failed" time="0.0034804">
        </testcase>
        <testcase classname="src/app/common/service/user/user.service.spec.ts" name="UserService &gt; should not login after login failed" time="0.0037385">
        </testcase>
        <testcase classname="src/app/common/service/user/user.service.spec.ts" name="UserService &gt; should log out when called log out function" time="0.0079724">
        </testcase>
        <testcase classname="src/app/common/service/user/user.service.spec.ts" name="UserService &gt; loads the authenticated config when a fresh login succeeds" time="0.0065302">
        </testcase>
        <testcase classname="src/app/common/service/user/user.service.spec.ts" name="UserService &gt; loads the authenticated config when a googleLogin succeeds" time="0.0053378">
        </testcase>
        <testcase classname="src/app/common/service/user/user.service.spec.ts" name="UserService &gt; orders the post-login config fetch before the userChanged event fires" time="0.0046769">
        </testcase>
        <testcase classname="src/app/common/service/user/user.service.spec.ts" name="UserService &gt; still completes login when loadPostLogin fails" time="0.0061402">
            <system-err>
Failed to load authenticated config after login; continuing. Error: simulated 500
    at D:/projects/texera/frontend/src/app/common/service/user/user.service.spec.ts:169:72
    at Observable.init [as _subscribe] [90m(D:\projects\texera\frontend\[39mnode_modules\[4mrxjs[24m\dist\cjs\internal\observable\throwError.js:8:64[90m)[39m
    at Observable._trySubscribe [90m(D:\projects\texera\frontend\[39mnode_modules\[4mrxjs[24m\dist\cjs\internal\Observable.js:41:25[90m)[39m
    at [90mD:\projects\texera\frontend\[39mnode_modules\[4mrxjs[24m\dist\cjs\internal\Observable.js:35:31
    at Object.errorContext [90m(D:\projects\texera\frontend\[39mnode_modules\[4mrxjs[24m\dist\cjs\internal\util\errorContext.js:22:9[90m)[39m
    at Observable.subscribe [90m(D:\projects\texera\frontend\[39mnode_modules\[4mrxjs[24m\dist\cjs\internal\Observable.js:26:24[90m)[39m
    at [90mD:\projects\texera\frontend\[39mnode_modules\[4mrxjs[24m\dist\cjs\internal\operators\catchError.js:12:27
    at OperatorSubscriber.&lt;anonymous&gt; [90m(D:\projects\texera\frontend\[39mnode_modules\[4mrxjs[24m\dist\cjs\internal\util\lift.js:14:28[90m)[39m
    at [90mD:\projects\texera\frontend\[39mnode_modules\[4mrxjs[24m\dist\cjs\internal\Observable.js:30:30
    at Object.errorContext [90m(D:\projects\texera\frontend\[39mnode_modules\[4mrxjs[24m\dist\cjs\internal\util\errorContext.js:22:9[90m)[39m

            </system-err>
        </testcase>
    </testsuite>
    <testsuite name="src/app/common/service/workflow-persist/workflow-persist.service.spec.ts" timestamp="2026-06-23T18:31:01.974Z" hostname="roshiii" tests="3" failures="0" errors="0" skipped="0" time="0.0289645">
        <testcase classname="src/app/common/service/workflow-persist/workflow-persist.service.spec.ts" name="WorkflowPersistService &gt; should be created" time="0.0125494">
        </testcase>
        <testcase classname="src/app/common/service/workflow-persist/workflow-persist.service.spec.ts" name="WorkflowPersistService &gt; should send http post request once" time="0.0113909">
        </testcase>
        <testcase classname="src/app/common/service/workflow-persist/workflow-persist.service.spec.ts" name="WorkflowPersistService &gt; should check if workflow content and name returned correctly" time="0.0045097">
        </testcase>
    </testsuite>
    <testsuite name="src/app/dashboard/service/user/search.service.spec.ts" timestamp="2026-06-23T18:31:01.975Z" hostname="roshiii" tests="13" failures="0" errors="0" skipped="0" time="0.0743471">
        <testcase classname="src/app/dashboard/service/user/search.service.spec.ts" name="SearchService &gt; search &gt; hits dashboard/search with includePublic=true when logged in and asking for public" time="0.0127164">
        </testcase>
        <testcase classname="src/app/dashboard/service/user/search.service.spec.ts" name="SearchService &gt; search &gt; hits dashboard/search with includePublic=false when logged in and asking for private only" time="0.0049561">
        </testcase>
        <testcase classname="src/app/dashboard/service/user/search.service.spec.ts" name="SearchService &gt; search &gt; hits dashboard/publicSearch and forces includePublic=true when anonymous" time="0.0040993">
        </testcase>
        <testcase classname="src/app/dashboard/service/user/search.service.spec.ts" name="SearchService &gt; getUserInfo encodes each user id as a repeated `userIds` query param" time="0.0045211">
        </testcase>
        <testcase classname="src/app/dashboard/service/user/search.service.spec.ts" name="SearchService &gt; executeSearch &gt; filters null/mismatched datasets and surfaces hasMismatch" time="0.0087045">
        </testcase>
        <testcase classname="src/app/dashboard/service/user/search.service.spec.ts" name="SearchService &gt; executeSearch &gt; leaves hasMismatch undefined and skips filtering for non-dataset searches" time="0.0049346">
        </testcase>
        <testcase classname="src/app/dashboard/service/user/search.service.spec.ts" name="SearchService &gt; extendSearchResultsWithHubActivityInfo &gt; skips hub fetches and persist size lookup when there are no items" time="0.0044306">
        </testcase>
        <testcase classname="src/app/dashboard/service/user/search.service.spec.ts" name="SearchService &gt; extendSearchResultsWithHubActivityInfo &gt; hydrates counts, like flags, access ids, and sizes for a workflow item" time="0.0064767">
        </testcase>
        <testcase classname="src/app/dashboard/service/user/search.service.spec.ts" name="SearchService &gt; extendSearchResultsWithHubActivityInfo &gt; skips like lookup when the user is not logged in" time="0.0047246">
        </testcase>
        <testcase classname="src/app/dashboard/service/user/search.service.spec.ts" name="SearchService &gt; extendSearchResultsWithHubActivityInfo &gt; honors a narrowed activities list (counts only)" time="0.004378">
        </testcase>
        <testcase classname="src/app/dashboard/service/user/search.service.spec.ts" name="SearchService &gt; extendSearchResultsWithHubActivityInfo &gt; uses Project entity routing for project items" time="0.0049563">
        </testcase>
        <testcase classname="src/app/dashboard/service/user/search.service.spec.ts" name="SearchService &gt; extendSearchResultsWithHubActivityInfo &gt; uses Dataset entity routing and pulls ownerUid for dataset items" time="0.0046141">
        </testcase>
        <testcase classname="src/app/dashboard/service/user/search.service.spec.ts" name="SearchService &gt; extendSearchResultsWithHubActivityInfo &gt; does not request sizes when there are no workflow items" time="0.0041547">
        </testcase>
    </testsuite>
    <testsuite name="src/app/hub/component/about/about.component.spec.ts" timestamp="2026-06-23T18:31:01.979Z" hostname="roshiii" tests="4" failures="0" errors="0" skipped="0" time="0.391394">
        <testcase classname="src/app/hub/component/about/about.component.spec.ts" name="AboutComponent &gt; should create" time="0.0326242">
        </testcase>
        <testcase classname="src/app/hub/component/about/about.component.spec.ts" name="AboutComponent &gt; hides the local login form when the user is already logged in" time="0.0231242">
        </testcase>
        <testcase classname="src/app/hub/component/about/about.component.spec.ts" name="AboutComponent &gt; shows the local login form when logged out and localLogin is enabled" time="0.3090718">
        </testcase>
        <testcase classname="src/app/hub/component/about/about.component.spec.ts" name="AboutComponent &gt; hides the local login form when localLogin is disabled in config" time="0.0258463">
        </testcase>
    </testsuite>
    <testsuite name="src/app/hub/component/browse-section/browse-section.component.spec.ts" timestamp="2026-06-23T18:31:01.980Z" hostname="roshiii" tests="5" failures="0" errors="0" skipped="0" time="0.0411537">
        <testcase classname="src/app/hub/component/browse-section/browse-section.component.spec.ts" name="BrowseSectionComponent &gt; should create" time="0.0109484">
        </testcase>
        <testcase classname="src/app/hub/component/browse-section/browse-section.component.spec.ts" name="BrowseSectionComponent &gt; entityRoutes initialization &gt; routes owned workflows to the user workspace" time="0.0094158">
        </testcase>
        <testcase classname="src/app/hub/component/browse-section/browse-section.component.spec.ts" name="BrowseSectionComponent &gt; entityRoutes initialization &gt; routes non-owned workflows to the hub workflow detail page" time="0.0067326">
        </testcase>
        <testcase classname="src/app/hub/component/browse-section/browse-section.component.spec.ts" name="BrowseSectionComponent &gt; entityRoutes initialization &gt; routes owned datasets to the user dataset page" time="0.0065071">
        </testcase>
        <testcase classname="src/app/hub/component/browse-section/browse-section.component.spec.ts" name="BrowseSectionComponent &gt; entityRoutes initialization &gt; routes non-owned datasets to the hub dataset detail page" time="0.0070586">
        </testcase>
    </testsuite>
    <testsuite name="src/app/hub/component/landing-page/landing-page.component.spec.ts" timestamp="2026-06-23T18:31:01.982Z" hostname="roshiii" tests="10" failures="0" errors="0" skipped="0" time="0.1466499">
        <testcase classname="src/app/hub/component/landing-page/landing-page.component.spec.ts" name="LandingPageComponent &gt; should create" time="0.0163158">
        </testcase>
        <testcase classname="src/app/hub/component/landing-page/landing-page.component.spec.ts" name="LandingPageComponent &gt; updates isLogin and currentUid when userChanged() emits" time="0.0115702">
        </testcase>
        <testcase classname="src/app/hub/component/landing-page/landing-page.component.spec.ts" name="LandingPageComponent &gt; ngOnInit invokes getWorkflowCount and loadTops" time="0.0107218">
        </testcase>
        <testcase classname="src/app/hub/component/landing-page/landing-page.component.spec.ts" name="LandingPageComponent &gt; getWorkflowCount populates workflowCount and datasetCount from HubService.getCount" time="0.0109393">
        </testcase>
        <testcase classname="src/app/hub/component/landing-page/landing-page.component.spec.ts" name="LandingPageComponent &gt; loadTops resolves workflow Like/Clone and dataset Like buckets" time="0.0185231">
        </testcase>
        <testcase classname="src/app/hub/component/landing-page/landing-page.component.spec.ts" name="LandingPageComponent &gt; loadTops swallows errors and logs them via console.error" time="0.0202582">
        </testcase>
        <testcase classname="src/app/hub/component/landing-page/landing-page.component.spec.ts" name="LandingPageComponent &gt; getTopLovedEntries extends each action&apos;s items with SearchService and returns a map keyed by action" time="0.013887">
        </testcase>
        <testcase classname="src/app/hub/component/landing-page/landing-page.component.spec.ts" name="LandingPageComponent &gt; navigateToSearch routes to the workflow hub result for &apos;workflow&apos;" time="0.011919">
        </testcase>
        <testcase classname="src/app/hub/component/landing-page/landing-page.component.spec.ts" name="LandingPageComponent &gt; navigateToSearch routes to the dataset hub result for &apos;dataset&apos;" time="0.0174562">
        </testcase>
        <testcase classname="src/app/hub/component/landing-page/landing-page.component.spec.ts" name="LandingPageComponent &gt; navigateToSearch routes to the dashboard home for an unknown type" time="0.0142279">
        </testcase>
    </testsuite>
    <testsuite name="src/app/workspace/component/code-editor-dialog/annotation-suggestion.component.spec.ts" timestamp="2026-06-23T18:31:01.985Z" hostname="roshiii" tests="6" failures="0" errors="0" skipped="0" time="0.0812707">
        <testcase classname="src/app/workspace/component/code-editor-dialog/annotation-suggestion.component.spec.ts" name="AnnotationSuggestionComponent &gt; creates" time="0.0135247">
        </testcase>
        <testcase classname="src/app/workspace/component/code-editor-dialog/annotation-suggestion.component.spec.ts" name="AnnotationSuggestionComponent &gt; defaults its inputs to empty / zero" time="0.0084931">
        </testcase>
        <testcase classname="src/app/workspace/component/code-editor-dialog/annotation-suggestion.component.spec.ts" name="AnnotationSuggestionComponent &gt; emits accept when onAccept is called" time="0.0109735">
        </testcase>
        <testcase classname="src/app/workspace/component/code-editor-dialog/annotation-suggestion.component.spec.ts" name="AnnotationSuggestionComponent &gt; emits decline when onDecline is called" time="0.0261791">
        </testcase>
        <testcase classname="src/app/workspace/component/code-editor-dialog/annotation-suggestion.component.spec.ts" name="AnnotationSuggestionComponent &gt; emits accept and decline independently — onAccept does not fire decline, and vice versa" time="0.0106744">
        </testcase>
        <testcase classname="src/app/workspace/component/code-editor-dialog/annotation-suggestion.component.spec.ts" name="AnnotationSuggestionComponent &gt; respects the latest values bound to its @Input fields" time="0.0108577">
        </testcase>
    </testsuite>
    <testsuite name="src/app/workspace/component/code-editor-dialog/code-debugger.component.spec.ts" timestamp="2026-06-23T18:31:01.987Z" hostname="roshiii" tests="16" failures="0" errors="0" skipped="0" time="1.343827">
        <testcase classname="src/app/workspace/component/code-editor-dialog/code-debugger.component.spec.ts" name="CodeDebuggerComponent &gt; should create the component" time="0.075226">
        </testcase>
        <testcase classname="src/app/workspace/component/code-editor-dialog/code-debugger.component.spec.ts" name="CodeDebuggerComponent &gt; should setup monaco breakpoint methods when state is Running" time="0.1401099">
            <system-out>
enable [33mtrue[39m

            </system-out>
        </testcase>
        <testcase classname="src/app/workspace/component/code-editor-dialog/code-debugger.component.spec.ts" name="CodeDebuggerComponent &gt; should remove monaco breakpoint methods when state changes to Uninitialized" time="0.2505845">
            <system-out>
enable [33mfalse[39m

            </system-out>
        </testcase>
        <testcase classname="src/app/workspace/component/code-editor-dialog/code-debugger.component.spec.ts" name="CodeDebuggerComponent &gt; should call doModifyBreakpoint on left click" time="0.2420584">
        </testcase>
        <testcase classname="src/app/workspace/component/code-editor-dialog/code-debugger.component.spec.ts" name="CodeDebuggerComponent &gt; should set breakpoint condition input on right click" time="0.057295">
        </testcase>
        <testcase classname="src/app/workspace/component/code-editor-dialog/code-debugger.component.spec.ts" name="CodeDebuggerComponent &gt; should reset the breakpoint condition input when closed" time="0.0274354">
        </testcase>
        <testcase classname="src/app/workspace/component/code-editor-dialog/code-debugger.component.spec.ts" name="CodeDebuggerComponent &gt; registerBreakpointRenderingHandler &gt; draws a decoration when a debug-state entry with breakpointId is added" time="0.0494156">
        </testcase>
        <testcase classname="src/app/workspace/component/code-editor-dialog/code-debugger.component.spec.ts" name="CodeDebuggerComponent &gt; registerBreakpointRenderingHandler &gt; does not draw a decoration when the added entry has no breakpointId" time="0.0565479">
        </testcase>
        <testcase classname="src/app/workspace/component/code-editor-dialog/code-debugger.component.spec.ts" name="CodeDebuggerComponent &gt; registerBreakpointRenderingHandler &gt; removes the decoration when a debug-state entry with breakpointId is deleted" time="0.0748905">
        </testcase>
        <testcase classname="src/app/workspace/component/code-editor-dialog/code-debugger.component.spec.ts" name="CodeDebuggerComponent &gt; registerBreakpointRenderingHandler &gt; does not call removeSpecifyDecoration when the deleted entry had no breakpointId" time="0.032504">
        </testcase>
        <testcase classname="src/app/workspace/component/code-editor-dialog/code-debugger.component.spec.ts" name="CodeDebuggerComponent &gt; registerBreakpointRenderingHandler &gt; calls setLineHighlight when an entry&apos;s hit flag flips on" time="0.0607853">
        </testcase>
        <testcase classname="src/app/workspace/component/code-editor-dialog/code-debugger.component.spec.ts" name="CodeDebuggerComponent &gt; registerBreakpointRenderingHandler &gt; calls removeHighlight when an entry&apos;s hit flag flips off" time="0.0273857">
        </testcase>
        <testcase classname="src/app/workspace/component/code-editor-dialog/code-debugger.component.spec.ts" name="CodeDebuggerComponent &gt; registerBreakpointRenderingHandler &gt; re-creates the decoration when the condition string changes on an existing entry" time="0.176347">
        </testcase>
        <testcase classname="src/app/workspace/component/code-editor-dialog/code-debugger.component.spec.ts" name="CodeDebuggerComponent &gt; rerenderExistingBreakpoints &gt; re-creates a decoration for every existing entry that has a breakpointId" time="0.0378328">
        </testcase>
        <testcase classname="src/app/workspace/component/code-editor-dialog/code-debugger.component.spec.ts" name="CodeDebuggerComponent &gt; removeMonacoBreakpointMethods &gt; disposes the mouseDownDisposable and the breakpoint instance when defined" time="0.0132678">
        </testcase>
        <testcase classname="src/app/workspace/component/code-editor-dialog/code-debugger.component.spec.ts" name="CodeDebuggerComponent &gt; removeMonacoBreakpointMethods &gt; returns early without touching anything when monacoBreakpoint is undefined" time="0.0187469">
        </testcase>
    </testsuite>
    <testsuite name="src/app/workspace/component/code-editor-dialog/code-editor.component.spec.ts" timestamp="2026-06-23T18:31:01.993Z" hostname="roshiii" tests="23" failures="0" errors="0" skipped="0" time="1.3354961">
        <testcase classname="src/app/workspace/component/code-editor-dialog/code-editor.component.spec.ts" name="CodeEditorComponent &gt; creates with the highlighted operator" time="0.4814793">
            <system-err>
DEPRECATED: DI is instantiating a token &quot;AugmentedStubMetadataService&quot; that inherits its @Injectable decorator but does not provide one itself.
This will become an error in a future version of Angular. Please add @Injectable() to the &quot;AugmentedStubMetadataService&quot; class.

            </system-err>
        </testcase>
        <testcase classname="src/app/workspace/component/code-editor-dialog/code-editor.component.spec.ts" name="CodeEditorComponent &gt; picks language=&quot;r&quot; for operatorType=RUDFSource" time="0.0460847">
            <system-err>
DEPRECATED: DI is instantiating a token &quot;AugmentedStubMetadataService&quot; that inherits its @Injectable decorator but does not provide one itself.
This will become an error in a future version of Angular. Please add @Injectable() to the &quot;AugmentedStubMetadataService&quot; class.

            </system-err>
        </testcase>
        <testcase classname="src/app/workspace/component/code-editor-dialog/code-editor.component.spec.ts" name="CodeEditorComponent &gt; picks language=&quot;r&quot; for operatorType=RUDF" time="0.039526">
            <system-err>
DEPRECATED: DI is instantiating a token &quot;AugmentedStubMetadataService&quot; that inherits its @Injectable decorator but does not provide one itself.
This will become an error in a future version of Angular. Please add @Injectable() to the &quot;AugmentedStubMetadataService&quot; class.

            </system-err>
        </testcase>
        <testcase classname="src/app/workspace/component/code-editor-dialog/code-editor.component.spec.ts" name="CodeEditorComponent &gt; picks language=&quot;python&quot; for operatorType=PythonUDFV2" time="0.0315927">
            <system-err>
DEPRECATED: DI is instantiating a token &quot;AugmentedStubMetadataService&quot; that inherits its @Injectable decorator but does not provide one itself.
This will become an error in a future version of Angular. Please add @Injectable() to the &quot;AugmentedStubMetadataService&quot; class.

            </system-err>
        </testcase>
        <testcase classname="src/app/workspace/component/code-editor-dialog/code-editor.component.spec.ts" name="CodeEditorComponent &gt; picks language=&quot;python&quot; for operatorType=PythonUDFSourceV2" time="0.0318786">
            <system-err>
DEPRECATED: DI is instantiating a token &quot;AugmentedStubMetadataService&quot; that inherits its @Injectable decorator but does not provide one itself.
This will become an error in a future version of Angular. Please add @Injectable() to the &quot;AugmentedStubMetadataService&quot; class.

            </system-err>
        </testcase>
        <testcase classname="src/app/workspace/component/code-editor-dialog/code-editor.component.spec.ts" name="CodeEditorComponent &gt; picks language=&quot;python&quot; for operatorType=DualInputPortsPythonUDFV2" time="0.0518361">
            <system-err>
DEPRECATED: DI is instantiating a token &quot;AugmentedStubMetadataService&quot; that inherits its @Injectable decorator but does not provide one itself.
This will become an error in a future version of Angular. Please add @Injectable() to the &quot;AugmentedStubMetadataService&quot; class.

            </system-err>
        </testcase>
        <testcase classname="src/app/workspace/component/code-editor-dialog/code-editor.component.spec.ts" name="CodeEditorComponent &gt; picks language=&quot;java&quot; for plain JavaUDF" time="0.0270529">
            <system-err>
DEPRECATED: DI is instantiating a token &quot;AugmentedStubMetadataService&quot; that inherits its @Injectable decorator but does not provide one itself.
This will become an error in a future version of Angular. Please add @Injectable() to the &quot;AugmentedStubMetadataService&quot; class.

            </system-err>
        </testcase>
        <testcase classname="src/app/workspace/component/code-editor-dialog/code-editor.component.spec.ts" name="CodeEditorComponent &gt; picks language=&quot;java&quot; for unknown operator types" time="0.031009">
            <system-err>
DEPRECATED: DI is instantiating a token &quot;AugmentedStubMetadataService&quot; that inherits its @Injectable decorator but does not provide one itself.
This will become an error in a future version of Angular. Please add @Injectable() to the &quot;AugmentedStubMetadataService&quot; class.

            </system-err>
        </testcase>
        <testcase classname="src/app/workspace/component/code-editor-dialog/code-editor.component.spec.ts" name="CodeEditorComponent &gt; derives languageTitle as Capitalized(language) + &apos; UDF&apos;" time="0.0323529">
            <system-err>
DEPRECATED: DI is instantiating a token &quot;AugmentedStubMetadataService&quot; that inherits its @Injectable decorator but does not provide one itself.
This will become an error in a future version of Angular. Please add @Injectable() to the &quot;AugmentedStubMetadataService&quot; class.

            </system-err>
        </testcase>
        <testcase classname="src/app/workspace/component/code-editor-dialog/code-editor.component.spec.ts" name="CodeEditorComponent &gt; produces a SafeHtml for a coeditor with a numeric clientId and a hex colour" time="0.0515357">
            <system-err>
DEPRECATED: DI is instantiating a token &quot;AugmentedStubMetadataService&quot; that inherits its @Injectable decorator but does not provide one itself.
This will become an error in a future version of Angular. Please add @Injectable() to the &quot;AugmentedStubMetadataService&quot; class.

            </system-err>
        </testcase>
        <testcase classname="src/app/workspace/component/code-editor-dialog/code-editor.component.spec.ts" name="CodeEditorComponent &gt; produces a SafeHtml for a coeditor with an rgba colour" time="0.050731">
            <system-err>
DEPRECATED: DI is instantiating a token &quot;AugmentedStubMetadataService&quot; that inherits its @Injectable decorator but does not provide one itself.
This will become an error in a future version of Angular. Please add @Injectable() to the &quot;AugmentedStubMetadataService&quot; class.

            </system-err>
        </testcase>
        <testcase classname="src/app/workspace/component/code-editor-dialog/code-editor.component.spec.ts" name="CodeEditorComponent &gt; getFileSuffixByLanguage &gt; maps python → .py" time="0.0417589">
            <system-err>
DEPRECATED: DI is instantiating a token &quot;AugmentedStubMetadataService&quot; that inherits its @Injectable decorator but does not provide one itself.
This will become an error in a future version of Angular. Please add @Injectable() to the &quot;AugmentedStubMetadataService&quot; class.

            </system-err>
        </testcase>
        <testcase classname="src/app/workspace/component/code-editor-dialog/code-editor.component.spec.ts" name="CodeEditorComponent &gt; getFileSuffixByLanguage &gt; maps r → .r" time="0.0312921">
            <system-err>
DEPRECATED: DI is instantiating a token &quot;AugmentedStubMetadataService&quot; that inherits its @Injectable decorator but does not provide one itself.
This will become an error in a future version of Angular. Please add @Injectable() to the &quot;AugmentedStubMetadataService&quot; class.

            </system-err>
        </testcase>
        <testcase classname="src/app/workspace/component/code-editor-dialog/code-editor.component.spec.ts" name="CodeEditorComponent &gt; getFileSuffixByLanguage &gt; maps javascript → .js" time="0.033922">
            <system-err>
DEPRECATED: DI is instantiating a token &quot;AugmentedStubMetadataService&quot; that inherits its @Injectable decorator but does not provide one itself.
This will become an error in a future version of Angular. Please add @Injectable() to the &quot;AugmentedStubMetadataService&quot; class.

            </system-err>
        </testcase>
        <testcase classname="src/app/workspace/component/code-editor-dialog/code-editor.component.spec.ts" name="CodeEditorComponent &gt; getFileSuffixByLanguage &gt; maps java → .java" time="0.0625936">
            <system-err>
DEPRECATED: DI is instantiating a token &quot;AugmentedStubMetadataService&quot; that inherits its @Injectable decorator but does not provide one itself.
This will become an error in a future version of Angular. Please add @Injectable() to the &quot;AugmentedStubMetadataService&quot; class.

            </system-err>
        </testcase>
        <testcase classname="src/app/workspace/component/code-editor-dialog/code-editor.component.spec.ts" name="CodeEditorComponent &gt; getFileSuffixByLanguage &gt; is case-insensitive on the language name" time="0.0357613">
            <system-err>
DEPRECATED: DI is instantiating a token &quot;AugmentedStubMetadataService&quot; that inherits its @Injectable decorator but does not provide one itself.
This will become an error in a future version of Angular. Please add @Injectable() to the &quot;AugmentedStubMetadataService&quot; class.

            </system-err>
        </testcase>
        <testcase classname="src/app/workspace/component/code-editor-dialog/code-editor.component.spec.ts" name="CodeEditorComponent &gt; getFileSuffixByLanguage &gt; falls back to .py for unknown languages so the default Monaco grammar is python" time="0.0339508">
            <system-err>
DEPRECATED: DI is instantiating a token &quot;AugmentedStubMetadataService&quot; that inherits its @Injectable decorator but does not provide one itself.
This will become an error in a future version of Angular. Please add @Injectable() to the &quot;AugmentedStubMetadataService&quot; class.

            </system-err>
        </testcase>
        <testcase classname="src/app/workspace/component/code-editor-dialog/code-editor.component.spec.ts" name="CodeEditorComponent &gt; onFocus &gt; highlights the operator the editor is bound to" time="0.0329092">
            <system-err>
DEPRECATED: DI is instantiating a token &quot;AugmentedStubMetadataService&quot; that inherits its @Injectable decorator but does not provide one itself.
This will become an error in a future version of Angular. Please add @Injectable() to the &quot;AugmentedStubMetadataService&quot; class.

            </system-err>
        </testcase>
        <testcase classname="src/app/workspace/component/code-editor-dialog/code-editor.component.spec.ts" name="CodeEditorComponent &gt; rejectCurrentAnnotation &gt; hides the suggestion UI and clears the staged code + suggestion" time="0.0467286">
            <system-err>
DEPRECATED: DI is instantiating a token &quot;AugmentedStubMetadataService&quot; that inherits its @Injectable decorator but does not provide one itself.
This will become an error in a future version of Angular. Please add @Injectable() to the &quot;AugmentedStubMetadataService&quot; class.

            </system-err>
        </testcase>
        <testcase classname="src/app/workspace/component/code-editor-dialog/code-editor.component.spec.ts" name="CodeEditorComponent &gt; rejectCurrentAnnotation &gt; emits on the multi-variable response subject when one is staged" time="0.0326715">
            <system-err>
DEPRECATED: DI is instantiating a token &quot;AugmentedStubMetadataService&quot; that inherits its @Injectable decorator but does not provide one itself.
This will become an error in a future version of Angular. Please add @Injectable() to the &quot;AugmentedStubMetadataService&quot; class.

            </system-err>
        </testcase>
        <testcase classname="src/app/workspace/component/code-editor-dialog/code-editor.component.spec.ts" name="CodeEditorComponent &gt; acceptCurrentAnnotation &gt; is a no-op when the suggestion UI is not currently shown" time="0.0355305">
            <system-err>
DEPRECATED: DI is instantiating a token &quot;AugmentedStubMetadataService&quot; that inherits its @Injectable decorator but does not provide one itself.
This will become an error in a future version of Angular. Please add @Injectable() to the &quot;AugmentedStubMetadataService&quot; class.

            </system-err>
        </testcase>
        <testcase classname="src/app/workspace/component/code-editor-dialog/code-editor.component.spec.ts" name="CodeEditorComponent &gt; acceptCurrentAnnotation &gt; hides the suggestion UI after accepting" time="0.0329427">
            <system-err>
DEPRECATED: DI is instantiating a token &quot;AugmentedStubMetadataService&quot; that inherits its @Injectable decorator but does not provide one itself.
This will become an error in a future version of Angular. Please add @Injectable() to the &quot;AugmentedStubMetadataService&quot; class.

            </system-err>
        </testcase>
        <testcase classname="src/app/workspace/component/code-editor-dialog/code-editor.component.spec.ts" name="CodeEditorComponent &gt; AI assistant action wiring &gt; emits &apos;OpenAI&apos; from the AI assistant gate when configured that way" time="0.0374242">
            <system-err>
DEPRECATED: DI is instantiating a token &quot;AugmentedStubMetadataService&quot; that inherits its @Injectable decorator but does not provide one itself.
This will become an error in a future version of Angular. Please add @Injectable() to the &quot;AugmentedStubMetadataService&quot; class.

DEPRECATED: DI is instantiating a token &quot;AugmentedStubMetadataService&quot; that inherits its @Injectable decorator but does not provide one itself.
This will become an error in a future version of Angular. Please add @Injectable() to the &quot;AugmentedStubMetadataService&quot; class.

            </system-err>
        </testcase>
    </testsuite>
    <testsuite name="src/app/workspace/component/codearea-custom-template/codearea-custom-template.component.spec.ts" timestamp="2026-06-23T18:31:02.005Z" hostname="roshiii" tests="1" failures="0" errors="0" skipped="0" time="0.0173697">
        <testcase classname="src/app/workspace/component/codearea-custom-template/codearea-custom-template.component.spec.ts" name="CodeareaCustomTemplateComponent &gt; should create" time="0.0169365">
        </testcase>
    </testsuite>
    <testsuite name="src/app/workspace/component/dataset-file-selector/dataset-file-selector.component.spec.ts" timestamp="2026-06-23T18:31:02.006Z" hostname="roshiii" tests="5" failures="0" errors="0" skipped="0" time="0.0378773">
        <testcase classname="src/app/workspace/component/dataset-file-selector/dataset-file-selector.component.spec.ts" name="DatasetFileSelectorComponent &gt; should create" time="0.0105388">
        </testcase>
        <testcase classname="src/app/workspace/component/dataset-file-selector/dataset-file-selector.component.spec.ts" name="DatasetFileSelectorComponent &gt; opens the dataset selection modal once when clicked" time="0.0074305">
        </testcase>
        <testcase classname="src/app/workspace/component/dataset-file-selector/dataset-file-selector.component.spec.ts" name="DatasetFileSelectorComponent &gt; writes the chosen path back into the form control when a path is selected" time="0.0066845">
        </testcase>
        <testcase classname="src/app/workspace/component/dataset-file-selector/dataset-file-selector.component.spec.ts" name="DatasetFileSelectorComponent &gt; leaves the form control unchanged when the modal is dismissed without a path" time="0.0065793">
        </testcase>
        <testcase classname="src/app/workspace/component/dataset-file-selector/dataset-file-selector.component.spec.ts" name="DatasetFileSelectorComponent &gt; exposes isFileSelectionEnabled from the GUI config" time="0.0059202">
        </testcase>
    </testsuite>
    <testsuite name="src/app/workspace/component/dataset-version-selector/dataset-version-selector.component.spec.ts" timestamp="2026-06-23T18:31:02.008Z" hostname="roshiii" tests="4" failures="0" errors="0" skipped="0" time="0.0381162">
        <testcase classname="src/app/workspace/component/dataset-version-selector/dataset-version-selector.component.spec.ts" name="DatasetVersionSelectorComponent &gt; should create" time="0.0104299">
        </testcase>
        <testcase classname="src/app/workspace/component/dataset-version-selector/dataset-version-selector.component.spec.ts" name="DatasetVersionSelectorComponent &gt; opens the dataset selection modal once when clicked" time="0.0094461">
        </testcase>
        <testcase classname="src/app/workspace/component/dataset-version-selector/dataset-version-selector.component.spec.ts" name="DatasetVersionSelectorComponent &gt; writes the chosen path back into the form control when a version is selected" time="0.0090486">
        </testcase>
        <testcase classname="src/app/workspace/component/dataset-version-selector/dataset-version-selector.component.spec.ts" name="DatasetVersionSelectorComponent &gt; leaves the form control unchanged when the modal is dismissed without a value" time="0.0085107">
        </testcase>
    </testsuite>
    <testsuite name="src/app/workspace/component/left-panel/left-panel.component.spec.ts" timestamp="2026-06-23T18:31:02.010Z" hostname="roshiii" tests="2" failures="0" errors="0" skipped="0" time="0.3201444">
        <testcase classname="src/app/workspace/component/left-panel/left-panel.component.spec.ts" name="LeftPanelComponent &gt; should create" time="0.1275737">
        </testcase>
        <testcase classname="src/app/workspace/component/left-panel/left-panel.component.spec.ts" name="LeftPanelComponent &gt; should switch to versions frame component when get all versions is clicked" time="0.1780573">
        </testcase>
    </testsuite>
    <testsuite name="src/app/workspace/component/hugging-face-image-upload/hugging-face-image-upload.component.spec.ts" timestamp="2026-06-23T18:31:02.011Z" hostname="roshiii" tests="8" failures="0" errors="0" skipped="0" time="0.0858577">
        <testcase classname="src/app/workspace/component/hugging-face-image-upload/hugging-face-image-upload.component.spec.ts" name="HuggingFaceImageUploadComponent &gt; should create" time="0.0103613">
        </testcase>
        <testcase classname="src/app/workspace/component/hugging-face-image-upload/hugging-face-image-upload.component.spec.ts" name="HuggingFaceImageUploadComponent &gt; derived view state &gt; reports no image when formControl is empty" time="0.0077661">
        </testcase>
        <testcase classname="src/app/workspace/component/hugging-face-image-upload/hugging-face-image-upload.component.spec.ts" name="HuggingFaceImageUploadComponent &gt; derived view state &gt; reports an image when formControl holds a data URL" time="0.0073366">
        </testcase>
        <testcase classname="src/app/workspace/component/hugging-face-image-upload/hugging-face-image-upload.component.spec.ts" name="HuggingFaceImageUploadComponent &gt; derived view state &gt; prefers the explicit filename over the fallback label" time="0.0071981">
        </testcase>
        <testcase classname="src/app/workspace/component/hugging-face-image-upload/hugging-face-image-upload.component.spec.ts" name="HuggingFaceImageUploadComponent &gt; onFileSelected &gt; clears prior error and returns early when no file is provided" time="0.008167">
        </testcase>
        <testcase classname="src/app/workspace/component/hugging-face-image-upload/hugging-face-image-upload.component.spec.ts" name="HuggingFaceImageUploadComponent &gt; onFileSelected &gt; rejects non-image files and resets the input" time="0.0083318">
        </testcase>
        <testcase classname="src/app/workspace/component/hugging-face-image-upload/hugging-face-image-upload.component.spec.ts" name="HuggingFaceImageUploadComponent &gt; onFileSelected &gt; reports an error when image compression fails" time="0.0270467">
        </testcase>
        <testcase classname="src/app/workspace/component/hugging-face-image-upload/hugging-face-image-upload.component.spec.ts" name="HuggingFaceImageUploadComponent &gt; clearImage &gt; resets file state, the form control, and any model value" time="0.0087894">
        </testcase>
    </testsuite>
    <testsuite name="src/app/workspace/component/menu/menu.component.spec.ts" timestamp="2026-06-23T18:31:02.014Z" hostname="roshiii" tests="50" failures="0" errors="0" skipped="0" time="20.5120137">
        <testcase classname="src/app/workspace/component/menu/menu.component.spec.ts" name="MenuComponent &gt; should create" time="1.1991813">
        </testcase>
        <testcase classname="src/app/workspace/component/menu/menu.component.spec.ts" name="MenuComponent &gt; getRunButtonBehavior &gt; returns &apos;Invalid Workflow&apos; when the workflow is invalid" time="0.5029515">
        </testcase>
        <testcase classname="src/app/workspace/component/menu/menu.component.spec.ts" name="MenuComponent &gt; getRunButtonBehavior &gt; returns &apos;Empty Workflow&apos; when the workflow has no operators" time="0.3985511">
        </testcase>
        <testcase classname="src/app/workspace/component/menu/menu.component.spec.ts" name="MenuComponent &gt; getRunButtonBehavior &gt; returns &apos;Connect&apos; when no computing unit is attached" time="0.3559014">
        </testcase>
        <testcase classname="src/app/workspace/component/menu/menu.component.spec.ts" name="MenuComponent &gt; getRunButtonBehavior &gt; returns &apos;Run&apos; when connected and execution is uninitialized" time="0.3304103">
        </testcase>
        <testcase classname="src/app/workspace/component/menu/menu.component.spec.ts" name="MenuComponent &gt; getRunButtonBehavior &gt; returns &apos;Pause&apos; while a workflow is running" time="0.374678">
        </testcase>
[...]
        </testcase>
        <testcase classname="src/app/dashboard/component/user/user-dataset/user-dataset-list-item/user-dataset-list-item.component.spec.ts" name="UserDatasetListItemComponent &gt; inputs and outputs &gt; defaults editable to false" time="0.0564178">
        </testcase>
        <testcase classname="src/app/dashboard/component/user/user-dataset/user-dataset-list-item/user-dataset-list-item.component.spec.ts" name="UserDatasetListItemComponent &gt; inputs and outputs &gt; exposes deleted, duplicated, and refresh as EventEmitters" time="0.114225">
        </testcase>
    </testsuite>
    <testsuite name="src/app/dashboard/component/user/user-project/user-project-list-item/user-project-list-item.component.spec.ts" timestamp="2026-06-23T18:31:02.292Z" hostname="roshiii" tests="1" failures="0" errors="0" skipped="0" time="0.1688615">
        <testcase classname="src/app/dashboard/component/user/user-project/user-project-list-item/user-project-list-item.component.spec.ts" name="UserProjectListItemComponent &gt; should create" time="0.165529">
        </testcase>
    </testsuite>
    <testsuite name="src/app/dashboard/component/user/user-workflow/user-workflow-list-item/highlight-search-terms.pipe.spec.ts" timestamp="2026-06-23T18:31:02.293Z" hostname="roshiii" tests="6" failures="0" errors="0" skipped="0" time="0.0303962">
        <testcase classname="src/app/dashboard/component/user/user-workflow/user-workflow-list-item/highlight-search-terms.pipe.spec.ts" name="HighlightSearchTermsPipe &gt; returns an empty string when the value is undefined" time="0.0050242">
        </testcase>
        <testcase classname="src/app/dashboard/component/user/user-workflow/user-workflow-list-item/highlight-search-terms.pipe.spec.ts" name="HighlightSearchTermsPipe &gt; returns the value unchanged when there are no terms to highlight" time="0.0067632">
        </testcase>
        <testcase classname="src/app/dashboard/component/user/user-workflow/user-workflow-list-item/highlight-search-terms.pipe.spec.ts" name="HighlightSearchTermsPipe &gt; wraps a single matching token in a highlight span" time="0.003889">
        </testcase>
        <testcase classname="src/app/dashboard/component/user/user-workflow/user-workflow-list-item/highlight-search-terms.pipe.spec.ts" name="HighlightSearchTermsPipe &gt; matches case-insensitively and preserves the original casing inside the span" time="0.003355">
        </testcase>
        <testcase classname="src/app/dashboard/component/user/user-workflow/user-workflow-list-item/highlight-search-terms.pipe.spec.ts" name="HighlightSearchTermsPipe &gt; wraps every occurrence of a token (global flag)" time="0.007003">
        </testcase>
        <testcase classname="src/app/dashboard/component/user/user-workflow/user-workflow-list-item/highlight-search-terms.pipe.spec.ts" name="HighlightSearchTermsPipe &gt; wraps each token independently when multiple terms are given" time="0.0037104">
        </testcase>
    </testsuite>
    <testsuite name="src/app/dashboard/component/user/user-workflow/user-workflow-list-item/user-workflow-list-item.component.spec.ts" timestamp="2026-06-23T18:31:02.295Z" hostname="roshiii" tests="4" failures="0" errors="0" skipped="0" time="2.0542337">
        <testcase classname="src/app/dashboard/component/user/user-workflow/user-workflow-list-item/user-workflow-list-item.component.spec.ts" name="UserWorkflowListItemComponent &gt; should create" time="0.715014">
        </testcase>
        <testcase classname="src/app/dashboard/component/user/user-workflow/user-workflow-list-item/user-workflow-list-item.component.spec.ts" name="UserWorkflowListItemComponent &gt; sends http request to backend to retrieve export json" time="0.6743799">
        </testcase>
        <testcase classname="src/app/dashboard/component/user/user-workflow/user-workflow-list-item/user-workflow-list-item.component.spec.ts" name="UserWorkflowListItemComponent &gt; adding a workflow description adds a description to the workflow" time="0.3577432">
            <system-err>
AssertionError: expected null to be truthy
    at D:/projects/texera/frontend/src/app/dashboard/component/user/user-workflow/user-workflow-list-item/user-workflow-list-item.component.spec.ts:105:40
    at _ZoneDelegate.invoke [90m(D:\projects\texera\frontend\[39mnode_modules\[4mzone.js[24m\fesm2015\zone.js:398:28[90m)[39m
    at ProxyZoneSpec.onInvoke [90m(D:\projects\texera\frontend\[39mnode_modules\[4mzone.js[24m\fesm2015\zone-testing.js:2132:39[90m)[39m
    at _ZoneDelegate.invoke [90m(D:\projects\texera\frontend\[39mnode_modules\[4mzone.js[24m\fesm2015\zone.js:397:34[90m)[39m
    at ProxyZoneSpec.onInvoke [90m(D:\projects\texera\frontend\[39mnode_modules\[4mzone.js[24m\fesm2015\zone-testing.js:2132:39[90m)[39m
    at _ZoneDelegate.invoke [90m(D:\projects\texera\frontend\[39mnode_modules\[4mzone.js[24m\fesm2015\zone.js:397:34[90m)[39m
    at ProxyZoneSpec.onInvoke [90m(D:\projects\texera\frontend\[39mnode_modules\[4mzone.js[24m\fesm2015\zone-testing.js:2132:39[90m)[39m
    at _ZoneDelegate.invoke [90m(D:\projects\texera\frontend\[39mnode_modules\[4mzone.js[24m\fesm2015\zone.js:397:34[90m)[39m
    at ProxyZoneSpec.onInvoke [90m(D:\projects\texera\frontend\[39mnode_modules\[4mzone.js[24m\fesm2015\zone-testing.js:2132:39[90m)[39m
    at _ZoneDelegate.invoke [90m(D:\projects\texera\frontend\[39mnode_modules\[4mzone.js[24m\fesm2015\zone.js:397:34[90m)[39m {
  actual: [1mnull[22m,
  expected: [33mtrue[39m,
  showDiff: [33mtrue[39m,
  operator: [32m&apos;strictEqual&apos;[39m
}

            </system-err>
        </testcase>
        <testcase classname="src/app/dashboard/component/user/user-workflow/user-workflow-list-item/user-workflow-list-item.component.spec.ts" name="UserWorkflowListItemComponent &gt; Editing a workflow description edits a description to the workflow" time="0.30465">
            <system-err>
AssertionError: expected null to be truthy
    at D:/projects/texera/frontend/src/app/dashboard/component/user/user-workflow/user-workflow-list-item/user-workflow-list-item.component.spec.ts:125:41
    at _ZoneDelegate.invoke [90m(D:\projects\texera\frontend\[39mnode_modules\[4mzone.js[24m\fesm2015\zone.js:398:28[90m)[39m
    at ProxyZoneSpec.onInvoke [90m(D:\projects\texera\frontend\[39mnode_modules\[4mzone.js[24m\fesm2015\zone-testing.js:2132:39[90m)[39m
    at _ZoneDelegate.invoke [90m(D:\projects\texera\frontend\[39mnode_modules\[4mzone.js[24m\fesm2015\zone.js:397:34[90m)[39m
    at ProxyZoneSpec.onInvoke [90m(D:\projects\texera\frontend\[39mnode_modules\[4mzone.js[24m\fesm2015\zone-testing.js:2132:39[90m)[39m
    at _ZoneDelegate.invoke [90m(D:\projects\texera\frontend\[39mnode_modules\[4mzone.js[24m\fesm2015\zone.js:397:34[90m)[39m
    at ProxyZoneSpec.onInvoke [90m(D:\projects\texera\frontend\[39mnode_modules\[4mzone.js[24m\fesm2015\zone-testing.js:2132:39[90m)[39m
    at _ZoneDelegate.invoke [90m(D:\projects\texera\frontend\[39mnode_modules\[4mzone.js[24m\fesm2015\zone.js:397:34[90m)[39m
    at ProxyZoneSpec.onInvoke [90m(D:\projects\texera\frontend\[39mnode_modules\[4mzone.js[24m\fesm2015\zone-testing.js:2132:39[90m)[39m
    at _ZoneDelegate.invoke [90m(D:\projects\texera\frontend\[39mnode_modules\[4mzone.js[24m\fesm2015\zone.js:397:34[90m)[39m {
  actual: [1mnull[22m,
  expected: [33mtrue[39m,
  showDiff: [33mtrue[39m,
  operator: [32m&apos;strictEqual&apos;[39m
}

            </system-err>
        </testcase>
    </testsuite>
    <testsuite name="src/app/workspace/component/agent/agent-panel/react-step-detail-modal/react-step-detail-modal.component.spec.ts" timestamp="2026-06-23T18:31:02.297Z" hostname="roshiii" tests="22" failures="0" errors="0" skipped="0" time="0.0236774">
        <testcase classname="src/app/workspace/component/agent/agent-panel/react-step-detail-modal/react-step-detail-modal.component.spec.ts" name="ReActStepDetailModalComponent &gt; should create" time="0.0011111">
        </testcase>
        <testcase classname="src/app/workspace/component/agent/agent-panel/react-step-detail-modal/react-step-detail-modal.component.spec.ts" name="ReActStepDetailModalComponent &gt; closeModal &gt; hides the modal and emits the new visibility" time="0.0010152">
        </testcase>
        <testcase classname="src/app/workspace/component/agent/agent-panel/react-step-detail-modal/react-step-detail-modal.component.spec.ts" name="ReActStepDetailModalComponent &gt; formatResult / formatJson &gt; returns a string result unchanged" time="0.0007653">
        </testcase>
        <testcase classname="src/app/workspace/component/agent/agent-panel/react-step-detail-modal/react-step-detail-modal.component.spec.ts" name="ReActStepDetailModalComponent &gt; formatResult / formatJson &gt; pretty-prints an object result" time="0.0007588">
        </testcase>
        <testcase classname="src/app/workspace/component/agent/agent-panel/react-step-detail-modal/react-step-detail-modal.component.spec.ts" name="ReActStepDetailModalComponent &gt; formatResult / formatJson &gt; formatJson always pretty-prints" time="0.0007764">
        </testcase>
        <testcase classname="src/app/workspace/component/agent/agent-panel/react-step-detail-modal/react-step-detail-modal.component.spec.ts" name="ReActStepDetailModalComponent &gt; getToolResult &gt; returns null when there are no tool results" time="0.0008118">
        </testcase>
        <testcase classname="src/app/workspace/component/agent/agent-panel/react-step-detail-modal/react-step-detail-modal.component.spec.ts" name="ReActStepDetailModalComponent &gt; getToolResult &gt; returns null when the index is out of range" time="0.0007387">
        </testcase>
        <testcase classname="src/app/workspace/component/agent/agent-panel/react-step-detail-modal/react-step-detail-modal.component.spec.ts" name="ReActStepDetailModalComponent &gt; getToolResult &gt; prefers output, then result, then the raw entry" time="0.0009669">
        </testcase>
        <testcase classname="src/app/workspace/component/agent/agent-panel/react-step-detail-modal/react-step-detail-modal.component.spec.ts" name="ReActStepDetailModalComponent &gt; getToolOperatorAccess / hasOperatorAccess &gt; returns null when the step has no operator access" time="0.0008892">
        </testcase>
        <testcase classname="src/app/workspace/component/agent/agent-panel/react-step-detail-modal/react-step-detail-modal.component.spec.ts" name="ReActStepDetailModalComponent &gt; getToolOperatorAccess / hasOperatorAccess &gt; returns the access entry for a tool-call index" time="0.0016455">
        </testcase>
        <testcase classname="src/app/workspace/component/agent/agent-panel/react-step-detail-modal/react-step-detail-modal.component.spec.ts" name="ReActStepDetailModalComponent &gt; getToolOperatorAccess / hasOperatorAccess &gt; reports no access for an empty map" time="0.0008313">
        </testcase>
        <testcase classname="src/app/workspace/component/agent/agent-panel/react-step-detail-modal/react-step-detail-modal.component.spec.ts" name="ReActStepDetailModalComponent &gt; getMessageRoleColor &gt; maps known roles and falls back to default" time="0.0009139">
        </testcase>
        <testcase classname="src/app/workspace/component/agent/agent-panel/react-step-detail-modal/react-step-detail-modal.component.spec.ts" name="ReActStepDetailModalComponent &gt; getTextFromMessage &gt; returns empty string when there is no content" time="0.0008475">
        </testcase>
        <testcase classname="src/app/workspace/component/agent/agent-panel/react-step-detail-modal/react-step-detail-modal.component.spec.ts" name="ReActStepDetailModalComponent &gt; getTextFromMessage &gt; returns string content directly" time="0.0007183">
        </testcase>
        <testcase classname="src/app/workspace/component/agent/agent-panel/react-step-detail-modal/react-step-detail-modal.component.spec.ts" name="ReActStepDetailModalComponent &gt; getTextFromMessage &gt; joins the text parts of array content" time="0.000775">
        </testcase>
        <testcase classname="src/app/workspace/component/agent/agent-panel/react-step-detail-modal/react-step-detail-modal.component.spec.ts" name="ReActStepDetailModalComponent &gt; getToolCallSummaries &gt; returns an empty array for non-array content" time="0.0008743">
        </testcase>
        <testcase classname="src/app/workspace/component/agent/agent-panel/react-step-detail-modal/react-step-detail-modal.component.spec.ts" name="ReActStepDetailModalComponent &gt; getToolCallSummaries &gt; summarizes tool-call parts and defaults the operatorId" time="0.001044">
        </testcase>
        <testcase classname="src/app/workspace/component/agent/agent-panel/react-step-detail-modal/react-step-detail-modal.component.spec.ts" name="ReActStepDetailModalComponent &gt; getToolCallStrings (function-call formatting) &gt; renders tool calls as toolName(key=value, ...)" time="0.0013787">
        </testcase>
        <testcase classname="src/app/workspace/component/agent/agent-panel/react-step-detail-modal/react-step-detail-modal.component.spec.ts" name="ReActStepDetailModalComponent &gt; getToolCallStrings (function-call formatting) &gt; truncates long string and non-string argument values" time="0.0015018">
        </testcase>
        <testcase classname="src/app/workspace/component/agent/agent-panel/react-step-detail-modal/react-step-detail-modal.component.spec.ts" name="ReActStepDetailModalComponent &gt; getToolResultFullItems / getToolResultItems &gt; returns [] for non-array content" time="0.0013917">
        </testcase>
        <testcase classname="src/app/workspace/component/agent/agent-panel/react-step-detail-modal/react-step-detail-modal.component.spec.ts" name="ReActStepDetailModalComponent &gt; getToolResultFullItems / getToolResultItems &gt; resolves tool names, content, token count and the trimmed flag" time="0.0014922">
        </testcase>
        <testcase classname="src/app/workspace/component/agent/agent-panel/react-step-detail-modal/react-step-detail-modal.component.spec.ts" name="ReActStepDetailModalComponent &gt; getToolResultFullItems / getToolResultItems &gt; getToolResultItems returns name, token count and trimmed flag" time="0.0011555">
        </testcase>
    </testsuite>
    <testsuite name="src/app/workspace/component/left-panel/operator-menu/operator-label/operator-label.component.spec.ts" timestamp="2026-06-23T18:31:02.302Z" hostname="roshiii" tests="2" failures="0" errors="0" skipped="0" time="0.0324047">
        <testcase classname="src/app/workspace/component/left-panel/operator-menu/operator-label/operator-label.component.spec.ts" name="OperatorLabelComponent &gt; should create" time="0.0155903">
        </testcase>
        <testcase classname="src/app/workspace/component/left-panel/operator-menu/operator-label/operator-label.component.spec.ts" name="OperatorLabelComponent &gt; should display operator user friendly name on the UI" time="0.0163948">
        </testcase>
    </testsuite>
    <testsuite name="src/app/workspace/component/workflow-editor/context-menu/context-menu/context-menu.component.spec.ts" timestamp="2026-06-23T18:31:02.303Z" hostname="roshiii" tests="13" failures="0" errors="0" skipped="0" time="0.4202424">
        <testcase classname="src/app/workspace/component/workflow-editor/context-menu/context-menu/context-menu.component.spec.ts" name="ContextMenuComponent &gt; should create" time="0.0808102">
        </testcase>
        <testcase classname="src/app/workspace/component/workflow-editor/context-menu/context-menu/context-menu.component.spec.ts" name="ContextMenuComponent &gt; isSelectedOperatorValid &gt; should return false when multiple operators are highlighted" time="0.0520494">
        </testcase>
        <testcase classname="src/app/workspace/component/workflow-editor/context-menu/context-menu/context-menu.component.spec.ts" name="ContextMenuComponent &gt; isSelectedOperatorValid &gt; should return false when no operators are highlighted" time="0.0304545">
        </testcase>
        <testcase classname="src/app/workspace/component/workflow-editor/context-menu/context-menu/context-menu.component.spec.ts" name="ContextMenuComponent &gt; isSelectedOperatorValid &gt; should return false when workflow is not modifiable" time="0.0371301">
        </testcase>
        <testcase classname="src/app/workspace/component/workflow-editor/context-menu/context-menu/context-menu.component.spec.ts" name="ContextMenuComponent &gt; isSelectedOperatorValid &gt; should return true when single operator is highlighted, workflow is modifiable, and operator is valid" time="0.0217708">
        </testcase>
        <testcase classname="src/app/workspace/component/workflow-editor/context-menu/context-menu/context-menu.component.spec.ts" name="ContextMenuComponent &gt; isSelectedOperatorValid &gt; should return false when single operator is highlighted but operator is invalid" time="0.0202837">
        </testcase>
        <testcase classname="src/app/workspace/component/workflow-editor/context-menu/context-menu/context-menu.component.spec.ts" name="ContextMenuComponent &gt; canExecuteOperator &gt; should return false when multiple operators are highlighted" time="0.0410532">
        </testcase>
        <testcase classname="src/app/workspace/component/workflow-editor/context-menu/context-menu/context-menu.component.spec.ts" name="ContextMenuComponent &gt; canExecuteOperator &gt; should return false when no operators are highlighted" time="0.0213017">
        </testcase>
        <testcase classname="src/app/workspace/component/workflow-editor/context-menu/context-menu/context-menu.component.spec.ts" name="ContextMenuComponent &gt; canExecuteOperator &gt; should return false when workflow is not modifiable" time="0.0205446">
        </testcase>
        <testcase classname="src/app/workspace/component/workflow-editor/context-menu/context-menu/context-menu.component.spec.ts" name="ContextMenuComponent &gt; canExecuteOperator &gt; should return true when all conditions are met (valid, enabled, modifiable)" time="0.0253211">
        </testcase>
        <testcase classname="src/app/workspace/component/workflow-editor/context-menu/context-menu/context-menu.component.spec.ts" name="ContextMenuComponent &gt; canExecuteOperator &gt; should return false when operator is invalid and not check disabled status" time="0.0216236">
        </testcase>
        <testcase classname="src/app/workspace/component/workflow-editor/context-menu/context-menu/context-menu.component.spec.ts" name="ContextMenuComponent &gt; canExecuteOperator &gt; should return false when operator is valid but disabled" time="0.0254371">
        </testcase>
        <testcase classname="src/app/workspace/component/workflow-editor/context-menu/context-menu/context-menu.component.spec.ts" name="ContextMenuComponent &gt; canExecuteOperator &gt; should check disabled status only for valid operators" time="0.0217244">
        </testcase>
    </testsuite>
    <testsuite name="src/app/dashboard/component/user/user-dataset/user-dataset-explorer/user-dataset-file-renderer/user-dataset-file-renderer.component.spec.ts" timestamp="2026-06-23T18:31:02.307Z" hostname="roshiii" tests="2" failures="0" errors="0" skipped="0" time="0.0924239">
        <testcase classname="src/app/dashboard/component/user/user-dataset/user-dataset-explorer/user-dataset-file-renderer/user-dataset-file-renderer.component.spec.ts" name="UserDatasetFileRendererComponent &gt; should return true for supported MIME type" time="0.0566856">
        </testcase>
        <testcase classname="src/app/dashboard/component/user/user-dataset/user-dataset-explorer/user-dataset-file-renderer/user-dataset-file-renderer.component.spec.ts" name="UserDatasetFileRendererComponent &gt; should return false for unsupported MIME type" time="0.0343446">
        </testcase>
    </testsuite>
</testsuites>
